[2024-12-21 17:01:48,379: INFO: main: >>>>>> stage Data Ingestion stage started <<<<<< ]
[2024-12-21 17:01:48,379: INFO: common: yaml file: config\config.yaml loaded successfully ]
[2024-12-21 17:01:48,379: INFO: common: yaml file: params.yaml loaded successfully ]
[2024-12-21 17:01:48,379: INFO: common: yaml file: schema.yaml loaded successfully ]
[2024-12-21 17:01:48,379: INFO: common: created directory at: artifacts ]
[2024-12-21 17:01:48,379: INFO: common: created directory at: artifacts/data_ingestion ]
[2024-12-21 17:01:49,732: INFO: data_ingestion: artifacts/data_ingestion/data.zip download! with following info: 
Connection: close
Content-Length: 23329
Cache-Control: max-age=300
Content-Security-Policy: default-src 'none'; style-src 'unsafe-inline'; sandbox
Content-Type: application/zip
ETag: "c69888a4ae59bc5a893392785a938ccd4937981c06ba8a9d6a21aa52b4ab5b6e"
Strict-Transport-Security: max-age=31536000
X-Content-Type-Options: nosniff
X-Frame-Options: deny
X-XSS-Protection: 1; mode=block
X-GitHub-Request-Id: 75D6:1F21AF:6FD75C:759AE6:67668CD6
Accept-Ranges: bytes
Date: Sat, 21 Dec 2024 10:03:45 GMT
Via: 1.1 varnish
X-Served-By: cache-sin-wsss1830029-SIN
X-Cache: HIT
X-Cache-Hits: 0
X-Timer: S1734775425.142980,VS0,VE332
Vary: Authorization,Accept-Encoding,Origin
Access-Control-Allow-Origin: *
Cross-Origin-Resource-Policy: cross-origin
X-Fastly-Request-ID: cb37f071cd8e319b18707c311fb8917dcf3fd476
Expires: Sat, 21 Dec 2024 10:08:45 GMT
Source-Age: 0

 ]
[2024-12-21 17:01:49,732: INFO: main: >>>>>> stage Data Ingestion stage completed <<<<<<

x==========x ]
